<?xml version="1.0" encoding="UTF-8"?>
<testsuite xmlns:xsi="http://www.w3.org/2001/XMLSchema-instance" xsi:noNamespaceSchemaLocation="https://maven.apache.org/surefire/maven-surefire-plugin/xsd/surefire-test-report-3.0.xsd" version="3.0" name="deltacapita.sharib.PriceCalculatorTest" time="0.411" tests="11" errors="0" skipped="0" failures="0">
  <properties>
    <property name="sun.desktop" value="gnome"/>
    <property name="awt.toolkit" value="sun.awt.X11.XToolkit"/>
    <property name="java.specification.version" value="11"/>
    <property name="sun.cpu.isalist" value=""/>
    <property name="sun.jnu.encoding" value="UTF-8"/>
    <property name="java.class.path" value="/opt/oracle/userhome/oracle/git/DeltaCapita/target/test-classes:/opt/oracle/userhome/oracle/git/DeltaCapita/target/classes:/home/oracle/.m2/repository/junit/junit/4.13.2/junit-4.13.2.jar:/home/oracle/.m2/repository/org/hamcrest/hamcrest-core/1.3/hamcrest-core-1.3.jar:"/>
    <property name="java.vm.vendor" value="Oracle Corporation"/>
    <property name="sun.arch.data.model" value="64"/>
    <property name="java.vendor.url" value="https://openjdk.java.net/"/>
    <property name="user.timezone" value=""/>
    <property name="java.vm.specification.version" value="11"/>
    <property name="os.name" value="Linux"/>
    <property name="sun.java.launcher" value="SUN_STANDARD"/>
    <property name="user.country" value="US"/>
    <property name="sun.boot.library.path" value="/opt/oracle/userhome/oracle/java/jdk-11.0.17/lib"/>
    <property name="sun.java.command" value="/opt/oracle/userhome/oracle/git/DeltaCapita/target/surefire/surefirebooter-20230501211104381_3.jar /opt/oracle/userhome/oracle/git/DeltaCapita/target/surefire 2023-05-01T21-11-03_974-jvmRun1 surefire-20230501211104381_1tmp surefire_0-20230501211104381_2tmp"/>
    <property name="jdk.debug" value="release"/>
    <property name="surefire.test.class.path" value="/opt/oracle/userhome/oracle/git/DeltaCapita/target/test-classes:/opt/oracle/userhome/oracle/git/DeltaCapita/target/classes:/home/oracle/.m2/repository/junit/junit/4.13.2/junit-4.13.2.jar:/home/oracle/.m2/repository/org/hamcrest/hamcrest-core/1.3/hamcrest-core-1.3.jar:"/>
    <property name="sun.cpu.endian" value="little"/>
    <property name="user.home" value="/home/oracle"/>
    <property name="user.language" value="en"/>
    <property name="java.specification.vendor" value="Oracle Corporation"/>
    <property name="java.version.date" value="2022-10-18"/>
    <property name="java.home" value="/opt/oracle/userhome/oracle/java/jdk-11.0.17"/>
    <property name="file.separator" value="/"/>
    <property name="basedir" value="/opt/oracle/userhome/oracle/git/DeltaCapita"/>
    <property name="java.vm.compressedOopsMode" value="32-bit"/>
    <property name="line.separator" value="&#10;"/>
    <property name="java.specification.name" value="Java Platform API Specification"/>
    <property name="java.vm.specification.vendor" value="Oracle Corporation"/>
    <property name="java.awt.graphicsenv" value="sun.awt.X11GraphicsEnvironment"/>
    <property name="surefire.real.class.path" value="/opt/oracle/userhome/oracle/git/DeltaCapita/target/surefire/surefirebooter-20230501211104381_3.jar"/>
    <property name="sun.management.compiler" value="HotSpot 64-Bit Tiered Compilers"/>
    <property name="java.runtime.version" value="11.0.17+10-LTS-269"/>
    <property name="user.name" value="oracle"/>
    <property name="path.separator" value=":"/>
    <property name="os.version" value="5.15.0-8.91.4.1.el8uek.x86_64"/>
    <property name="java.runtime.name" value="Java(TM) SE Runtime Environment"/>
    <property name="file.encoding" value="UTF-8"/>
    <property name="java.vm.name" value="Java HotSpot(TM) 64-Bit Server VM"/>
    <property name="java.vendor.version" value="18.9"/>
    <property name="localRepository" value="/home/oracle/.m2/repository"/>
    <property name="java.vendor.url.bug" value="https://bugreport.java.com/bugreport/"/>
    <property name="java.io.tmpdir" value="/tmp"/>
    <property name="java.version" value="11.0.17"/>
    <property name="user.dir" value="/opt/oracle/userhome/oracle/git/DeltaCapita"/>
    <property name="os.arch" value="amd64"/>
    <property name="java.vm.specification.name" value="Java Virtual Machine Specification"/>
    <property name="java.awt.printerjob" value="sun.print.PSPrinterJob"/>
    <property name="sun.os.patch.level" value="unknown"/>
    <property name="java.library.path" value=":/usr/java/packages/lib:/usr/lib64:/lib64:/lib:/usr/lib"/>
    <property name="java.vendor" value="Oracle Corporation"/>
    <property name="java.vm.info" value="mixed mode"/>
    <property name="java.vm.version" value="11.0.17+10-LTS-269"/>
    <property name="sun.io.unicode.encoding" value="UnicodeLittle"/>
    <property name="java.class.version" value="55.0"/>
  </properties>
  <testcase name="priceTestForAppleAppleBananaMelonMelonMelonLimeLime" classname="deltacapita.sharib.PriceCalculatorTest" time="0.182"/>
  <testcase name="priceTestForAppleAppleBananaMelonMelonMelonLimeLimeLimeLime" classname="deltacapita.sharib.PriceCalculatorTest" time="0"/>
  <testcase name="priceTestForEmptyBasket" classname="deltacapita.sharib.PriceCalculatorTest" time="0.004">
    <system-out><![CDATA[Invaid arguments: []
]]></system-out>
  </testcase>
  <testcase name="priceTestForAppleAppleBananaMelonMelon" classname="deltacapita.sharib.PriceCalculatorTest" time="0"/>
  <testcase name="priceTestForAppleAppleBananaMelon" classname="deltacapita.sharib.PriceCalculatorTest" time="0"/>
  <testcase name="priceTestForAppleAppleBananaMelonMelonMelon" classname="deltacapita.sharib.PriceCalculatorTest" time="0"/>
  <testcase name="priceTestForAppleAppleBananaMelonMelonMelonLimeLimeLime" classname="deltacapita.sharib.PriceCalculatorTest" time="0"/>
  <testcase name="priceTestForAppleAppleBananaMelonMelonMelonLime" classname="deltacapita.sharib.PriceCalculatorTest" time="0"/>
  <testcase name="priceTestForApple" classname="deltacapita.sharib.PriceCalculatorTest" time="0"/>
  <testcase name="priceTestForAppleAppleBanana" classname="deltacapita.sharib.PriceCalculatorTest" time="0"/>
  <testcase name="priceTestForNullBasket" classname="deltacapita.sharib.PriceCalculatorTest" time="0.001">
    <system-out><![CDATA[Invaid arguments: null
]]></system-out>
  </testcase>
</testsuite>